c:\devc\day06\day06\debug\vc142.pdb
c:\devc\day06\day06\debug\vc142.idb
c:\devc\day06\day06\debug\swapbyref.obj
c:\devc\day06\day06\debug\findmax_pointer.obj
c:\devc\day06\day06\debug\memory_field.obj
c:\devc\day06\day06\debug\malloc_ex.obj
c:\devc\day06\day06\debug\malloc_ex2.obj
c:\devc\day06\day06\debug\malloc_ex3.obj
c:\devc\day06\day06\debug\malloc_getname.obj
c:\devc\day06\day06\debug\struct_three_d.obj
c:\devc\day06\day06\debug\typedef_three_d.obj
c:\devc\day06\day06\debug\struct_eyesight.obj
c:\devc\day06\day06\debug\struct_ref.obj
c:\devc\day06\day06\debug\circle_main.obj
c:\devc\day06\day06\debug\score_main.obj
c:\devc\day06\day06\debug\fwrite_ex.obj
c:\devc\day06\day06\debug\struct_student.obj
c:\devc\day06\day06\debug\person_main.obj
c:\devc\day06\day06\debug\struct_student2.obj
c:\devc\day06\day06\debug\day06.ilk
c:\devc\day06\debug\day06.exe
c:\devc\day06\debug\day06.pdb
c:\devc\day06\day06\debug\day06.tlog\cl.command.1.tlog
c:\devc\day06\day06\debug\day06.tlog\cl.read.1.tlog
c:\devc\day06\day06\debug\day06.tlog\cl.write.1.tlog
c:\devc\day06\day06\debug\day06.tlog\link.command.1.tlog
c:\devc\day06\day06\debug\day06.tlog\link.read.1.tlog
c:\devc\day06\day06\debug\day06.tlog\link.write.1.tlog
